<?xml version="1.0" encoding="UTF-8"?>
<!-- Generated by org.testng.reporters.JUnitXMLReporter -->
<testsuite ignored="0" hostname="PrashanthBhat" failures="1" tests="1" name="Default test" time="0.857" errors="0" timestamp="2025-07-14T13:19:52 IST">
  <testcase classname="io.cucumber.testng.AbstractTestNGCucumberTests" name="runScenario" time="0.172">
    <failure type="io.cucumber.testng.UndefinedStepException" message="The step &amp;apos;App apk&amp;apos; and 7 other step(s) are undefined.
You can implement these steps using the snippet(s) below:

@Given(&amp;quot;App apk&amp;quot;)
public void app_apk() {
    // Write code here that turns the phrase above into concrete actions
    throw new io.cucumber.java.PendingException();
}
@When(&amp;quot;user launch ApiDemo application&amp;quot;)
public void user_launch_api_demo_application() {
    // Write code here that turns the phrase above into concrete actions
    throw new io.cucumber.java.PendingException();
}
@Then(&amp;quot;All module in home page list need to display&amp;quot;)
public void all_module_in_home_page_list_need_to_display() {
    // Write code here that turns the phrase above into concrete actions
    throw new io.cucumber.java.PendingException();
}
@Then(&amp;quot;User click on Accessbility&amp;quot;)
public void user_click_on_accessbility() {
    // Write code here that turns the phrase above into concrete actions
    throw new io.cucumber.java.PendingException();
}
@Then(&amp;quot;{int} Module list need to display&amp;quot;)
public void module_list_need_to_display(Integer int1) {
    // Write code here that turns the phrase above into concrete actions
    throw new io.cucumber.java.PendingException();
}
@Then(&amp;quot;User click on Accessibility node check boxes page need to display&amp;quot;)
public void user_click_on_accessibility_node_check_boxes_page_need_to_display() {
    // Write code here that turns the phrase above into concrete actions
    throw new io.cucumber.java.PendingException();
}
@Then(&amp;quot;validate the enabled and disabled checkboxes&amp;quot;)
public void validate_the_enabled_and_disabled_checkboxes() {
    // Write code here that turns the phrase above into concrete actions
    throw new io.cucumber.java.PendingException();
}
@Then(&amp;quot;Select and unselect checboxes and mention its validation&amp;quot;)
public void select_and_unselect_checboxes_and_mention_its_validation() {
    // Write code here that turns the phrase above into concrete actions
    throw new io.cucumber.java.PendingException();
}
">
      <![CDATA[io.cucumber.testng.UndefinedStepException: The step 'App apk' and 7 other step(s) are undefined.
You can implement these steps using the snippet(s) below:

@Given("App apk")
public void app_apk() {
    // Write code here that turns the phrase above into concrete actions
    throw new io.cucumber.java.PendingException();
}
@When("user launch ApiDemo application")
public void user_launch_api_demo_application() {
    // Write code here that turns the phrase above into concrete actions
    throw new io.cucumber.java.PendingException();
}
@Then("All module in home page list need to display")
public void all_module_in_home_page_list_need_to_display() {
    // Write code here that turns the phrase above into concrete actions
    throw new io.cucumber.java.PendingException();
}
@Then("User click on Accessbility")
public void user_click_on_accessbility() {
    // Write code here that turns the phrase above into concrete actions
    throw new io.cucumber.java.PendingException();
}
@Then("{int} Module list need to display")
public void module_list_need_to_display(Integer int1) {
    // Write code here that turns the phrase above into concrete actions
    throw new io.cucumber.java.PendingException();
}
@Then("User click on Accessibility node check boxes page need to display")
public void user_click_on_accessibility_node_check_boxes_page_need_to_display() {
    // Write code here that turns the phrase above into concrete actions
    throw new io.cucumber.java.PendingException();
}
@Then("validate the enabled and disabled checkboxes")
public void validate_the_enabled_and_disabled_checkboxes() {
    // Write code here that turns the phrase above into concrete actions
    throw new io.cucumber.java.PendingException();
}
@Then("Select and unselect checboxes and mention its validation")
public void select_and_unselect_checboxes_and_mention_its_validation() {
    // Write code here that turns the phrase above into concrete actions
    throw new io.cucumber.java.PendingException();
}

at ✽.App apk(file:///C:/Users/prade/Music/Appium%20Frameworks/ExcelCowork/./features/check_boxes.feature:4)
]]>
    </failure>
  </testcase> <!-- runScenario -->
</testsuite> <!-- Default test -->
