<?xml version="1.0" encoding="UTF-8"?>
<!-- Generated by org.testng.reporters.JUnitXMLReporter -->
<testsuite ignored="0" hostname="PrashanthBhat" failures="14" tests="14" name="Tets1" time="3.973" errors="0" timestamp="2025-07-18T19:59:14 IST">
  <testcase classname="io.cucumber.testng.AbstractTestNGCucumberTests" name="runScenario" time="0.585">
    <failure type="java.lang.NullPointerException" message="The provided search context cannot be null">
      <![CDATA[java.lang.NullPointerException: The provided search context cannot be null
at com.google.common.base.Preconditions.checkNotNull(Preconditions.java:920)
at io.appium.java_client.pagefactory.AppiumFieldDecorator.requireWebDriverReference(AppiumFieldDecorator.java:129)
at io.appium.java_client.pagefactory.AppiumFieldDecorator.<init>(AppiumFieldDecorator.java:86)
at pageObject.LoginPage_EC.<init>(LoginPage_EC.java:20)
at stepDefinitions.common.CommonSteps.user_is_on_login_page(CommonSteps.java:16)
at ✽.User is on login page(file:///C:/Users/prade/Music/Appium%20Frameworks/ExcelCowork/src/test/resources/features/1_LoginScenario.feature:4)
]]>
    </failure>
  </testcase> <!-- runScenario -->
  <testcase classname="io.cucumber.testng.AbstractTestNGCucumberTests" name="runScenario" time="0.063">
    <failure type="java.lang.NullPointerException" message="The provided search context cannot be null">
      <![CDATA[java.lang.NullPointerException: The provided search context cannot be null
at com.google.common.base.Preconditions.checkNotNull(Preconditions.java:920)
at io.appium.java_client.pagefactory.AppiumFieldDecorator.requireWebDriverReference(AppiumFieldDecorator.java:129)
at io.appium.java_client.pagefactory.AppiumFieldDecorator.<init>(AppiumFieldDecorator.java:86)
at pageObject.LoginPage_EC.<init>(LoginPage_EC.java:20)
at stepDefinitions.common.CommonSteps.user_is_on_login_page(CommonSteps.java:16)
at ✽.User is on login page(file:///C:/Users/prade/Music/Appium%20Frameworks/ExcelCowork/src/test/resources/features/1_LoginScenario.feature:9)
]]>
    </failure>
  </testcase> <!-- runScenario -->
  <testcase classname="io.cucumber.testng.AbstractTestNGCucumberTests" name="runScenario" time="0.033">
    <failure type="java.lang.NullPointerException" message="The provided search context cannot be null">
      <![CDATA[java.lang.NullPointerException: The provided search context cannot be null
at com.google.common.base.Preconditions.checkNotNull(Preconditions.java:920)
at io.appium.java_client.pagefactory.AppiumFieldDecorator.requireWebDriverReference(AppiumFieldDecorator.java:129)
at io.appium.java_client.pagefactory.AppiumFieldDecorator.<init>(AppiumFieldDecorator.java:86)
at pageObject.LoginPage_EC.<init>(LoginPage_EC.java:20)
at stepDefinitions.common.CommonSteps.user_is_on_login_page(CommonSteps.java:16)
at ✽.User is on login page(file:///C:/Users/prade/Music/Appium%20Frameworks/ExcelCowork/src/test/resources/features/1_LoginScenario.feature:16)
]]>
    </failure>
  </testcase> <!-- runScenario -->
  <testcase classname="io.cucumber.testng.AbstractTestNGCucumberTests" name="runScenario" time="0.026">
    <failure type="java.lang.NullPointerException" message="The provided search context cannot be null">
      <![CDATA[java.lang.NullPointerException: The provided search context cannot be null
at com.google.common.base.Preconditions.checkNotNull(Preconditions.java:920)
at io.appium.java_client.pagefactory.AppiumFieldDecorator.requireWebDriverReference(AppiumFieldDecorator.java:129)
at io.appium.java_client.pagefactory.AppiumFieldDecorator.<init>(AppiumFieldDecorator.java:86)
at pageObject.LoginPage_EC.<init>(LoginPage_EC.java:20)
at stepDefinitions.common.CommonSteps.user_is_on_login_page(CommonSteps.java:16)
at ✽.User is on login page(file:///C:/Users/prade/Music/Appium%20Frameworks/ExcelCowork/src/test/resources/features/1_LoginScenario.feature:22)
]]>
    </failure>
  </testcase> <!-- runScenario -->
  <testcase classname="io.cucumber.testng.AbstractTestNGCucumberTests" name="runScenario" time="0.025">
    <failure type="java.lang.NullPointerException" message="The provided search context cannot be null">
      <![CDATA[java.lang.NullPointerException: The provided search context cannot be null
at com.google.common.base.Preconditions.checkNotNull(Preconditions.java:920)
at io.appium.java_client.pagefactory.AppiumFieldDecorator.requireWebDriverReference(AppiumFieldDecorator.java:129)
at io.appium.java_client.pagefactory.AppiumFieldDecorator.<init>(AppiumFieldDecorator.java:86)
at pageObject.LoginPage_EC.<init>(LoginPage_EC.java:20)
at stepDefinitions.common.CommonSteps.user_is_on_login_page(CommonSteps.java:16)
at ✽.User is on login page(file:///C:/Users/prade/Music/Appium%20Frameworks/ExcelCowork/src/test/resources/features/1_LoginScenario.feature:27)
]]>
    </failure>
  </testcase> <!-- runScenario -->
  <testcase classname="io.cucumber.testng.AbstractTestNGCucumberTests" name="runScenario" time="0.017">
    <failure type="java.lang.NullPointerException" message="The provided search context cannot be null">
      <![CDATA[java.lang.NullPointerException: The provided search context cannot be null
at com.google.common.base.Preconditions.checkNotNull(Preconditions.java:920)
at io.appium.java_client.pagefactory.AppiumFieldDecorator.requireWebDriverReference(AppiumFieldDecorator.java:129)
at io.appium.java_client.pagefactory.AppiumFieldDecorator.<init>(AppiumFieldDecorator.java:86)
at pageObject.LoginPage_EC.<init>(LoginPage_EC.java:20)
at stepDefinitions.common.CommonSteps.user_is_on_login_page(CommonSteps.java:16)
at ✽.User is on login page(file:///C:/Users/prade/Music/Appium%20Frameworks/ExcelCowork/src/test/resources/features/1_LoginScenario.feature:27)
]]>
    </failure>
  </testcase> <!-- runScenario -->
  <testcase classname="io.cucumber.testng.AbstractTestNGCucumberTests" name="runScenario" time="0.027">
    <failure type="java.lang.NullPointerException" message="The provided search context cannot be null">
      <![CDATA[java.lang.NullPointerException: The provided search context cannot be null
at com.google.common.base.Preconditions.checkNotNull(Preconditions.java:920)
at io.appium.java_client.pagefactory.AppiumFieldDecorator.requireWebDriverReference(AppiumFieldDecorator.java:129)
at io.appium.java_client.pagefactory.AppiumFieldDecorator.<init>(AppiumFieldDecorator.java:86)
at pageObject.LoginPage_EC.<init>(LoginPage_EC.java:20)
at stepDefinitions.common.CommonSteps.user_is_on_login_page(CommonSteps.java:16)
at ✽.User is on login page(file:///C:/Users/prade/Music/Appium%20Frameworks/ExcelCowork/src/test/resources/features/2_ForgotPassword_Scenario.feature:4)
]]>
    </failure>
  </testcase> <!-- runScenario -->
  <testcase classname="io.cucumber.testng.AbstractTestNGCucumberTests" name="runScenario" time="0.024">
    <failure type="java.lang.NullPointerException" message="The provided search context cannot be null">
      <![CDATA[java.lang.NullPointerException: The provided search context cannot be null
at com.google.common.base.Preconditions.checkNotNull(Preconditions.java:920)
at io.appium.java_client.pagefactory.AppiumFieldDecorator.requireWebDriverReference(AppiumFieldDecorator.java:129)
at io.appium.java_client.pagefactory.AppiumFieldDecorator.<init>(AppiumFieldDecorator.java:86)
at pageObject.LoginPage_EC.<init>(LoginPage_EC.java:20)
at stepDefinitions.common.CommonSteps.user_is_on_login_page(CommonSteps.java:16)
at ✽.User is on login page(file:///C:/Users/prade/Music/Appium%20Frameworks/ExcelCowork/src/test/resources/features/2_ForgotPassword_Scenario.feature:11)
]]>
    </failure>
  </testcase> <!-- runScenario -->
  <testcase classname="io.cucumber.testng.AbstractTestNGCucumberTests" name="runScenario" time="0.019">
    <failure type="java.lang.NullPointerException" message="The provided search context cannot be null">
      <![CDATA[java.lang.NullPointerException: The provided search context cannot be null
at com.google.common.base.Preconditions.checkNotNull(Preconditions.java:920)
at io.appium.java_client.pagefactory.AppiumFieldDecorator.requireWebDriverReference(AppiumFieldDecorator.java:129)
at io.appium.java_client.pagefactory.AppiumFieldDecorator.<init>(AppiumFieldDecorator.java:86)
at pageObject.LoginPage_EC.<init>(LoginPage_EC.java:20)
at stepDefinitions.common.CommonSteps.user_is_on_login_page(CommonSteps.java:16)
at ✽.User is on login page(file:///C:/Users/prade/Music/Appium%20Frameworks/ExcelCowork/src/test/resources/features/3_LoginAndLogout_Scenario.feature:5)
]]>
    </failure>
  </testcase> <!-- runScenario -->
  <testcase classname="io.cucumber.testng.AbstractTestNGCucumberTests" name="runScenario" time="0.02">
    <failure type="java.lang.NullPointerException" message="The provided search context cannot be null">
      <![CDATA[java.lang.NullPointerException: The provided search context cannot be null
at com.google.common.base.Preconditions.checkNotNull(Preconditions.java:920)
at io.appium.java_client.pagefactory.AppiumFieldDecorator.requireWebDriverReference(AppiumFieldDecorator.java:129)
at io.appium.java_client.pagefactory.AppiumFieldDecorator.<init>(AppiumFieldDecorator.java:86)
at pageObject.LoginPage_EC.<init>(LoginPage_EC.java:20)
at stepDefinitions.common.CommonSteps.user_is_on_login_page(CommonSteps.java:16)
at ✽.User is on login page(file:///C:/Users/prade/Music/Appium%20Frameworks/ExcelCowork/src/test/resources/features/3_LoginAndLogout_Scenario.feature:12)
]]>
    </failure>
  </testcase> <!-- runScenario -->
  <testcase classname="io.cucumber.testng.AbstractTestNGCucumberTests" name="runScenario" time="0.027">
    <failure type="java.lang.NullPointerException" message="The provided search context cannot be null">
      <![CDATA[java.lang.NullPointerException: The provided search context cannot be null
at com.google.common.base.Preconditions.checkNotNull(Preconditions.java:920)
at io.appium.java_client.pagefactory.AppiumFieldDecorator.requireWebDriverReference(AppiumFieldDecorator.java:129)
at io.appium.java_client.pagefactory.AppiumFieldDecorator.<init>(AppiumFieldDecorator.java:86)
at pageObject.LoginPage_EC.<init>(LoginPage_EC.java:20)
at stepDefinitions.common.CommonSteps.user_is_on_login_page(CommonSteps.java:16)
at ✽.User is on login page(file:///C:/Users/prade/Music/Appium%20Frameworks/ExcelCowork/src/test/resources/features/4_Personal_info_Scenarios.feature:5)
]]>
    </failure>
  </testcase> <!-- runScenario -->
  <testcase classname="io.cucumber.testng.AbstractTestNGCucumberTests" name="runScenario" time="0.03">
    <failure type="java.lang.NullPointerException" message="The provided search context cannot be null">
      <![CDATA[java.lang.NullPointerException: The provided search context cannot be null
at com.google.common.base.Preconditions.checkNotNull(Preconditions.java:920)
at io.appium.java_client.pagefactory.AppiumFieldDecorator.requireWebDriverReference(AppiumFieldDecorator.java:129)
at io.appium.java_client.pagefactory.AppiumFieldDecorator.<init>(AppiumFieldDecorator.java:86)
at pageObject.LoginPage_EC.<init>(LoginPage_EC.java:20)
at stepDefinitions.common.CommonSteps.user_is_on_login_page(CommonSteps.java:16)
at ✽.User is on login page(file:///C:/Users/prade/Music/Appium%20Frameworks/ExcelCowork/src/test/resources/features/4_Personal_info_Scenarios.feature:5)
]]>
    </failure>
  </testcase> <!-- runScenario -->
  <testcase classname="io.cucumber.testng.AbstractTestNGCucumberTests" name="runScenario" time="0.039">
    <failure type="java.lang.NullPointerException" message="The provided search context cannot be null">
      <![CDATA[java.lang.NullPointerException: The provided search context cannot be null
at com.google.common.base.Preconditions.checkNotNull(Preconditions.java:920)
at io.appium.java_client.pagefactory.AppiumFieldDecorator.requireWebDriverReference(AppiumFieldDecorator.java:129)
at io.appium.java_client.pagefactory.AppiumFieldDecorator.<init>(AppiumFieldDecorator.java:86)
at pageObject.LoginPage_EC.<init>(LoginPage_EC.java:20)
at stepDefinitions.common.CommonSteps.user_is_on_login_page(CommonSteps.java:16)
at ✽.User is on login page(file:///C:/Users/prade/Music/Appium%20Frameworks/ExcelCowork/src/test/resources/features/4_Personal_info_Scenarios.feature:21)
]]>
    </failure>
  </testcase> <!-- runScenario -->
  <testcase classname="io.cucumber.testng.AbstractTestNGCucumberTests" name="runScenario" time="0.026">
    <failure type="java.lang.NullPointerException" message="The provided search context cannot be null">
      <![CDATA[java.lang.NullPointerException: The provided search context cannot be null
at com.google.common.base.Preconditions.checkNotNull(Preconditions.java:920)
at io.appium.java_client.pagefactory.AppiumFieldDecorator.requireWebDriverReference(AppiumFieldDecorator.java:129)
at io.appium.java_client.pagefactory.AppiumFieldDecorator.<init>(AppiumFieldDecorator.java:86)
at pageObject.LoginPage_EC.<init>(LoginPage_EC.java:20)
at stepDefinitions.common.CommonSteps.user_is_on_login_page(CommonSteps.java:16)
at ✽.User is on login page(file:///C:/Users/prade/Music/Appium%20Frameworks/ExcelCowork/src/test/resources/features/trip.feature:4)
]]>
    </failure>
  </testcase> <!-- runScenario -->
</testsuite> <!-- Tets1 -->
