-------------------------------------------------------------------------------
Test set: testRunner.TestRunner
-------------------------------------------------------------------------------
Tests run: 14, Failures: 14, Errors: 0, Skipped: 0, Time elapsed: 4.257 s <<< FAILURE! -- in testRunner.TestRunner
testRunner.TestRunner.runScenario["Login with Valid Credentials", "Login Functionality"](1) -- Time elapsed: 0.597 s <<< FAILURE!
java.lang.NullPointerException: The provided search context cannot be null
	at com.google.common.base.Preconditions.checkNotNull(Preconditions.java:920)
	at io.appium.java_client.pagefactory.AppiumFieldDecorator.requireWebDriverReference(AppiumFieldDecorator.java:129)
	at io.appium.java_client.pagefactory.AppiumFieldDecorator.<init>(AppiumFieldDecorator.java:86)
	at pageObject.LoginPage_EC.<init>(LoginPage_EC.java:20)
	at stepDefinitions.common.CommonSteps.user_is_on_login_page(CommonSteps.java:16)
	at ✽.User is on login page(file:///C:/Users/prade/Music/Appium%20Frameworks/ExcelCowork/src/test/resources/features/1_LoginScenario.feature:4)

testRunner.TestRunner.runScenario["Login with Valid Credentials", "Login Functionality"](2) -- Time elapsed: 0.019 s <<< FAILURE!
java.lang.NullPointerException: The provided search context cannot be null
	at com.google.common.base.Preconditions.checkNotNull(Preconditions.java:920)
	at io.appium.java_client.pagefactory.AppiumFieldDecorator.requireWebDriverReference(AppiumFieldDecorator.java:129)
	at io.appium.java_client.pagefactory.AppiumFieldDecorator.<init>(AppiumFieldDecorator.java:86)
	at pageObject.LoginPage_EC.<init>(LoginPage_EC.java:20)
	at stepDefinitions.common.CommonSteps.user_is_on_login_page(CommonSteps.java:16)
	at ✽.User is on login page(file:///C:/Users/prade/Music/Appium%20Frameworks/ExcelCowork/src/test/resources/features/1_LoginScenario.feature:9)

testRunner.TestRunner.runScenario["Login with invalid Credentials", "Login Functionality"](3) -- Time elapsed: 0.042 s <<< FAILURE!
java.lang.NullPointerException: The provided search context cannot be null
	at com.google.common.base.Preconditions.checkNotNull(Preconditions.java:920)
	at io.appium.java_client.pagefactory.AppiumFieldDecorator.requireWebDriverReference(AppiumFieldDecorator.java:129)
	at io.appium.java_client.pagefactory.AppiumFieldDecorator.<init>(AppiumFieldDecorator.java:86)
	at pageObject.LoginPage_EC.<init>(LoginPage_EC.java:20)
	at stepDefinitions.common.CommonSteps.user_is_on_login_page(CommonSteps.java:16)
	at ✽.User is on login page(file:///C:/Users/prade/Music/Appium%20Frameworks/ExcelCowork/src/test/resources/features/1_LoginScenario.feature:16)

testRunner.TestRunner.runScenario["Login with empty Credentials", "Login Functionality"](4) -- Time elapsed: 0.021 s <<< FAILURE!
java.lang.NullPointerException: The provided search context cannot be null
	at com.google.common.base.Preconditions.checkNotNull(Preconditions.java:920)
	at io.appium.java_client.pagefactory.AppiumFieldDecorator.requireWebDriverReference(AppiumFieldDecorator.java:129)
	at io.appium.java_client.pagefactory.AppiumFieldDecorator.<init>(AppiumFieldDecorator.java:86)
	at pageObject.LoginPage_EC.<init>(LoginPage_EC.java:20)
	at stepDefinitions.common.CommonSteps.user_is_on_login_page(CommonSteps.java:16)
	at ✽.User is on login page(file:///C:/Users/prade/Music/Appium%20Frameworks/ExcelCowork/src/test/resources/features/1_LoginScenario.feature:22)

testRunner.TestRunner.runScenario["Login with different credentials", "Login Functionality"](5) -- Time elapsed: 0.028 s <<< FAILURE!
java.lang.NullPointerException: The provided search context cannot be null
	at com.google.common.base.Preconditions.checkNotNull(Preconditions.java:920)
	at io.appium.java_client.pagefactory.AppiumFieldDecorator.requireWebDriverReference(AppiumFieldDecorator.java:129)
	at io.appium.java_client.pagefactory.AppiumFieldDecorator.<init>(AppiumFieldDecorator.java:86)
	at pageObject.LoginPage_EC.<init>(LoginPage_EC.java:20)
	at stepDefinitions.common.CommonSteps.user_is_on_login_page(CommonSteps.java:16)
	at ✽.User is on login page(file:///C:/Users/prade/Music/Appium%20Frameworks/ExcelCowork/src/test/resources/features/1_LoginScenario.feature:27)

testRunner.TestRunner.runScenario["Login with different credentials", "Login Functionality"](6) -- Time elapsed: 0.021 s <<< FAILURE!
java.lang.NullPointerException: The provided search context cannot be null
	at com.google.common.base.Preconditions.checkNotNull(Preconditions.java:920)
	at io.appium.java_client.pagefactory.AppiumFieldDecorator.requireWebDriverReference(AppiumFieldDecorator.java:129)
	at io.appium.java_client.pagefactory.AppiumFieldDecorator.<init>(AppiumFieldDecorator.java:86)
	at pageObject.LoginPage_EC.<init>(LoginPage_EC.java:20)
	at stepDefinitions.common.CommonSteps.user_is_on_login_page(CommonSteps.java:16)
	at ✽.User is on login page(file:///C:/Users/prade/Music/Appium%20Frameworks/ExcelCowork/src/test/resources/features/1_LoginScenario.feature:27)

testRunner.TestRunner.runScenario["Validating error messages in forgot password page", "Forgot Password related features"](7) -- Time elapsed: 0.024 s <<< FAILURE!
java.lang.NullPointerException: The provided search context cannot be null
	at com.google.common.base.Preconditions.checkNotNull(Preconditions.java:920)
	at io.appium.java_client.pagefactory.AppiumFieldDecorator.requireWebDriverReference(AppiumFieldDecorator.java:129)
	at io.appium.java_client.pagefactory.AppiumFieldDecorator.<init>(AppiumFieldDecorator.java:86)
	at pageObject.LoginPage_EC.<init>(LoginPage_EC.java:20)
	at stepDefinitions.common.CommonSteps.user_is_on_login_page(CommonSteps.java:16)
	at ✽.User is on login page(file:///C:/Users/prade/Music/Appium%20Frameworks/ExcelCowork/src/test/resources/features/2_ForgotPassword_Scenario.feature:4)

testRunner.TestRunner.runScenario["Enter the generated otp in the field and tap on Verify button (on real device it works)", "Forgot Password related features"](8) -- Time elapsed: 0.047 s <<< FAILURE!
java.lang.NullPointerException: The provided search context cannot be null
	at com.google.common.base.Preconditions.checkNotNull(Preconditions.java:920)
	at io.appium.java_client.pagefactory.AppiumFieldDecorator.requireWebDriverReference(AppiumFieldDecorator.java:129)
	at io.appium.java_client.pagefactory.AppiumFieldDecorator.<init>(AppiumFieldDecorator.java:86)
	at pageObject.LoginPage_EC.<init>(LoginPage_EC.java:20)
	at stepDefinitions.common.CommonSteps.user_is_on_login_page(CommonSteps.java:16)
	at ✽.User is on login page(file:///C:/Users/prade/Music/Appium%20Frameworks/ExcelCowork/src/test/resources/features/2_ForgotPassword_Scenario.feature:11)

testRunner.TestRunner.runScenario["Login and Logout from the application", "Login and Logout feature"](9) -- Time elapsed: 0.002 s <<< FAILURE!
java.lang.NullPointerException: The provided search context cannot be null
	at com.google.common.base.Preconditions.checkNotNull(Preconditions.java:920)
	at io.appium.java_client.pagefactory.AppiumFieldDecorator.requireWebDriverReference(AppiumFieldDecorator.java:129)
	at io.appium.java_client.pagefactory.AppiumFieldDecorator.<init>(AppiumFieldDecorator.java:86)
	at pageObject.LoginPage_EC.<init>(LoginPage_EC.java:20)
	at stepDefinitions.common.CommonSteps.user_is_on_login_page(CommonSteps.java:16)
	at ✽.User is on login page(file:///C:/Users/prade/Music/Appium%20Frameworks/ExcelCowork/src/test/resources/features/3_LoginAndLogout_Scenario.feature:5)

testRunner.TestRunner.runScenario["Logout and Validate the Toast message", "Login and Logout feature"](10) -- Time elapsed: 0.022 s <<< FAILURE!
java.lang.NullPointerException: The provided search context cannot be null
	at com.google.common.base.Preconditions.checkNotNull(Preconditions.java:920)
	at io.appium.java_client.pagefactory.AppiumFieldDecorator.requireWebDriverReference(AppiumFieldDecorator.java:129)
	at io.appium.java_client.pagefactory.AppiumFieldDecorator.<init>(AppiumFieldDecorator.java:86)
	at pageObject.LoginPage_EC.<init>(LoginPage_EC.java:20)
	at stepDefinitions.common.CommonSteps.user_is_on_login_page(CommonSteps.java:16)
	at ✽.User is on login page(file:///C:/Users/prade/Music/Appium%20Frameworks/ExcelCowork/src/test/resources/features/3_LoginAndLogout_Scenario.feature:12)

testRunner.TestRunner.runScenario["Adding personal info", "Upload personal info and create a account"](11) -- Time elapsed: 0.030 s <<< FAILURE!
java.lang.NullPointerException: The provided search context cannot be null
	at com.google.common.base.Preconditions.checkNotNull(Preconditions.java:920)
	at io.appium.java_client.pagefactory.AppiumFieldDecorator.requireWebDriverReference(AppiumFieldDecorator.java:129)
	at io.appium.java_client.pagefactory.AppiumFieldDecorator.<init>(AppiumFieldDecorator.java:86)
	at pageObject.LoginPage_EC.<init>(LoginPage_EC.java:20)
	at stepDefinitions.common.CommonSteps.user_is_on_login_page(CommonSteps.java:16)
	at ✽.User is on login page(file:///C:/Users/prade/Music/Appium%20Frameworks/ExcelCowork/src/test/resources/features/4_Personal_info_Scenarios.feature:5)

testRunner.TestRunner.runScenario["Adding personal info", "Upload personal info and create a account"](12) -- Time elapsed: 0.057 s <<< FAILURE!
java.lang.NullPointerException: The provided search context cannot be null
	at com.google.common.base.Preconditions.checkNotNull(Preconditions.java:920)
	at io.appium.java_client.pagefactory.AppiumFieldDecorator.requireWebDriverReference(AppiumFieldDecorator.java:129)
	at io.appium.java_client.pagefactory.AppiumFieldDecorator.<init>(AppiumFieldDecorator.java:86)
	at pageObject.LoginPage_EC.<init>(LoginPage_EC.java:20)
	at stepDefinitions.common.CommonSteps.user_is_on_login_page(CommonSteps.java:16)
	at ✽.User is on login page(file:///C:/Users/prade/Music/Appium%20Frameworks/ExcelCowork/src/test/resources/features/4_Personal_info_Scenarios.feature:5)

testRunner.TestRunner.runScenario["Profile details Updating", "Upload personal info and create a account"](13) -- Time elapsed: 0.021 s <<< FAILURE!
java.lang.NullPointerException: The provided search context cannot be null
	at com.google.common.base.Preconditions.checkNotNull(Preconditions.java:920)
	at io.appium.java_client.pagefactory.AppiumFieldDecorator.requireWebDriverReference(AppiumFieldDecorator.java:129)
	at io.appium.java_client.pagefactory.AppiumFieldDecorator.<init>(AppiumFieldDecorator.java:86)
	at pageObject.LoginPage_EC.<init>(LoginPage_EC.java:20)
	at stepDefinitions.common.CommonSteps.user_is_on_login_page(CommonSteps.java:16)
	at ✽.User is on login page(file:///C:/Users/prade/Music/Appium%20Frameworks/ExcelCowork/src/test/resources/features/4_Personal_info_Scenarios.feature:21)

testRunner.TestRunner.runScenario["Logout and Validate the Toast message", "Login Functionality"](14) -- Time elapsed: 0.029 s <<< FAILURE!
java.lang.NullPointerException: The provided search context cannot be null
	at com.google.common.base.Preconditions.checkNotNull(Preconditions.java:920)
	at io.appium.java_client.pagefactory.AppiumFieldDecorator.requireWebDriverReference(AppiumFieldDecorator.java:129)
	at io.appium.java_client.pagefactory.AppiumFieldDecorator.<init>(AppiumFieldDecorator.java:86)
	at pageObject.LoginPage_EC.<init>(LoginPage_EC.java:20)
	at stepDefinitions.common.CommonSteps.user_is_on_login_page(CommonSteps.java:16)
	at ✽.User is on login page(file:///C:/Users/prade/Music/Appium%20Frameworks/ExcelCowork/src/test/resources/features/trip.feature:4)

