<?xml version="1.0" encoding="UTF-8"?>
<testsuite xmlns:xsi="http://www.w3.org/2001/XMLSchema-instance" xsi:noNamespaceSchemaLocation="https://maven.apache.org/surefire/maven-surefire-plugin/xsd/surefire-test-report-3.0.xsd" version="3.0" name="testRunner.TestRunner" time="120.164" tests="4" errors="0" skipped="0" failures="2">
  <properties>
[...]
</properties>
  <testcase name="runScenario[&quot;&quot;, &quot;Forgot Password&quot;](1)" classname="testRunner.TestRunner" time="29.232">
    <system-out><![CDATA[
@FP
Scenario:                                         # file:///C:/Users/prade/Music/Appium%20Frameworks/ExcelCowork/src/test/resources/features/ForgotPassword.feature:4
  Given Launch the app                            # stepDefinitions.TC_1_LoginWithValidCredentails.Launch_the_app()
  And User tap on forgot password link            # stepDefinitions.Tc1_ForgotScenario1.user_tap_on_forgot_password_link()
  Then Tap on Verify button without entering data # stepDefinitions.Tc1_ForgotScenario1.tap_on_verify_button_without_entering_data()
 -----------------------------
  And Validate error message                      # stepDefinitions.Tc1_ForgotScenario1.validate_error_message()
]]></system-out>
  </testcase>
  <testcase name="runScenario[&quot;Validating error message of Forgot password&quot;, &quot;Forgot Password&quot;](2)" classname="testRunner.TestRunner" time="20.426">
    <failure message="The step &apos;Tap on Verify button without enetering data&apos; is undefined.&#10;You can implement this step using the snippet(s) below:&#10;&#10;@Then(&quot;Tap on Verify button without enetering data&quot;)&#10;public void tap_on_verify_button_without_enetering_data() {&#10;    // Write code here that turns the phrase above into concrete actions&#10;    throw new io.cucumber.java.PendingException();&#10;}&#10;" type="io.cucumber.testng.UndefinedStepException"><![CDATA[io.cucumber.testng.UndefinedStepException: 
The step 'Tap on Verify button without enetering data' is undefined.
You can implement this step using the snippet(s) below:

@Then("Tap on Verify button without enetering data")
public void tap_on_verify_button_without_enetering_data() {
    // Write code here that turns the phrase above into concrete actions
    throw new io.cucumber.java.PendingException();
}

	at ✽.Tap on Verify button without enetering data(file:///C:/Users/prade/Music/Appium%20Frameworks/ExcelCowork/src/test/resources/features/LoginScenario2.feature:7)
]]></failure>
    <system-out><![CDATA[
Scenario: Validating error message of Forgot password # file:///C:/Users/prade/Music/Appium%20Frameworks/ExcelCowork/src/test/resources/features/LoginScenario2.feature:4
  Given Launch the app                                # stepDefinitions.TC_1_LoginWithValidCredentails.Launch_the_app()
  And User tap on forgot password link                # stepDefinitions.Tc1_ForgotScenario1.user_tap_on_forgot_password_link()
  Then Tap on Verify button without enetering data
  And Validate error message                          # stepDefinitions.Tc1_ForgotScenario1.validate_error_message()
]]></system-out>
  </testcase>
  <testcase name="runScenario[&quot;Login to the application with valid data and logout of the application&quot;, &quot;Login and Logout Feature&quot;](3)" classname="testRunner.TestRunner" time="48.914">
    <failure message="Can&apos;t locate an element by this strategy: By.chained({AppiumBy.androidUIAutomator: new UiSelector().descriptionContains(&quot;Log Out&quot;)})" type="org.openqa.selenium.NoSuchElementException"><![CDATA[org.openqa.selenium.NoSuchElementException: Can't locate an element by this strategy: By.chained({AppiumBy.androidUIAutomator: new UiSelector().descriptionContains("Log Out")})
	at io.appium.java_client.pagefactory.AppiumElementLocator.findElement(AppiumElementLocator.java:166)
	at io.appium.java_client.pagefactory.interceptors.InterceptorOfASingleElement.call(InterceptorOfASingleElement.java:74)
	at io.appium.java_client.proxy.Interceptor.intercept(Interceptor.java:78)
	at org.openqa.selenium.remote.RemoteWebElement$ByteBuddy$BRGPLWAF.click(Unknown Source)
	at pageObject.MyprofilePage.Logout(MyprofilePage.java:38)
	at stepDefinitions.TC_1_LoginWithValidCredentails.click_tap_on_logout_button(TC_1_LoginWithValidCredentails.java:73)
	at ✽.User tap on logout button(file:///C:/Users/prade/Music/Appium%20Frameworks/ExcelCowork/src/test/resources/features/Login_Logout.feature:9)
Caused by: org.openqa.selenium.TimeoutException: Expected condition failed: waiting for io.appium.java_client.pagefactory.AppiumElementLocator$WaitingFunction@1290ed28 (tried for 10 second(s) with 500 milliseconds interval)
	at org.openqa.selenium.support.ui.FluentWait.timeoutException(FluentWait.java:265)
	at org.openqa.selenium.support.ui.FluentWait.until(FluentWait.java:228)
	at io.appium.java_client.pagefactory.AppiumElementLocator.waitFor(AppiumElementLocator.java:135)
	at io.appium.java_client.pagefactory.AppiumElementLocator.findElement(AppiumElementLocator.java:160)
	... 6 more
Caused by: org.openqa.selenium.NoSuchElementException: Cannot locate an element using By.chained({AppiumBy.androidUIAutomator: new UiSelector().descriptionContains("Log Out")})
For documentation on this error, please visit: https://www.selenium.dev/documentation/webdriver/troubleshooting/errors#no-such-element-exception
Build info: version: '4.34.0', revision: '707dcb4246*'
System info: os.name: 'Windows 11', os.arch: 'amd64', os.version: '10.0', java.version: '21.0.7'
Driver info: driver.version: RemoteWebDriver
	at io.appium.java_client.pagefactory.bys.builder.ByChained.findElement(ByChained.java:74)
	at org.openqa.selenium.remote.ElementLocation$ElementFinder$1.findElement(ElementLocation.java:139)
	at org.openqa.selenium.remote.ElementLocation.findElement(ElementLocation.java:59)
	at org.openqa.selenium.remote.RemoteWebDriver.findElement(RemoteWebDriver.java:367)
	at org.openqa.selenium.remote.RemoteWebDriver.findElement(RemoteWebDriver.java:361)
	at io.appium.java_client.pagefactory.bys.ContentMappedBy.findElement(ContentMappedBy.java:54)
	at org.openqa.selenium.remote.ElementLocation$ElementFinder$1.findElement(ElementLocation.java:139)
	at org.openqa.selenium.remote.ElementLocation.findElement(ElementLocation.java:59)
	at org.openqa.selenium.remote.RemoteWebDriver.findElement(RemoteWebDriver.java:367)
	at org.openqa.selenium.remote.RemoteWebDriver.findElement(RemoteWebDriver.java:361)
	at io.appium.java_client.pagefactory.AppiumElementLocator.lambda$findElement$1(AppiumElementLocator.java:160)
	at io.appium.java_client.pagefactory.AppiumElementLocator$WaitingFunction.apply(AppiumElementLocator.java:217)
	at io.appium.java_client.pagefactory.AppiumElementLocator$WaitingFunction.apply(AppiumElementLocator.java:210)
	at org.openqa.selenium.support.ui.FluentWait.until(FluentWait.java:203)
	... 8 more
]]></failure>
    <system-out><![CDATA[
@P1
Scenario: Login to the application with valid data and logout of the application # file:///C:/Users/prade/Music/Appium%20Frameworks/ExcelCowork/src/test/resources/features/Login_Logout.feature:4
  Given Launch the app                                                           # stepDefinitions.TC_1_LoginWithValidCredentails.Launch_the_app()
  When User enters valid username and password                                   # stepDefinitions.TC_1_LoginWithValidCredentails.enter_credentials()
  Then User tap on the login button                                              # stepDefinitions.TC_1_LoginWithValidCredentails.User_tap_on_the_login_button()
scrolled till logout
  And User tap on profile icon                                                   # stepDefinitions.TC_1_LoginWithValidCredentails.User_tap_on_profile_icon()
  And User tap on logout button                                                  # stepDefinitions.TC_1_LoginWithValidCredentails.click_tap_on_logout_button()
      org.openqa.selenium.NoSuchElementException: Can't locate an element by this strategy: By.chained({AppiumBy.androidUIAutomator: new UiSelector().descriptionContains("Log Out")})
      	at io.appium.java_client.pagefactory.AppiumElementLocator.findElement(AppiumElementLocator.java:166)
      	at io.appium.java_client.pagefactory.interceptors.InterceptorOfASingleElement.call(InterceptorOfASingleElement.java:74)
      	at io.appium.java_client.proxy.Interceptor.intercept(Interceptor.java:78)
      	at org.openqa.selenium.remote.RemoteWebElement$ByteBuddy$BRGPLWAF.click(Unknown Source)
      	at pageObject.MyprofilePage.Logout(MyprofilePage.java:38)
      	at stepDefinitions.TC_1_LoginWithValidCredentails.click_tap_on_logout_button(TC_1_LoginWithValidCredentails.java:73)
      	at ✽.User tap on logout button(file:///C:/Users/prade/Music/Appium%20Frameworks/ExcelCowork/src/test/resources/features/Login_Logout.feature:9)
      Caused by: org.openqa.selenium.TimeoutException: Expected condition failed: waiting for io.appium.java_client.pagefactory.AppiumElementLocator$WaitingFunction@1290ed28 (tried for 10 second(s) with 500 milliseconds interval)
      	at org.openqa.selenium.support.ui.FluentWait.timeoutException(FluentWait.java:265)
      	at org.openqa.selenium.support.ui.FluentWait.until(FluentWait.java:228)
      	at io.appium.java_client.pagefactory.AppiumElementLocator.waitFor(AppiumElementLocator.java:135)
      	at io.appium.java_client.pagefactory.AppiumElementLocator.findElement(AppiumElementLocator.java:160)
      	... 6 more
      Caused by: org.openqa.selenium.NoSuchElementException: Cannot locate an element using By.chained({AppiumBy.androidUIAutomator: new UiSelector().descriptionContains("Log Out")})
      For documentation on this error, please visit: https://www.selenium.dev/documentation/webdriver/troubleshooting/errors#no-such-element-exception
      Build info: version: '4.34.0', revision: '707dcb4246*'
      System info: os.name: 'Windows 11', os.arch: 'amd64', os.version: '10.0', java.version: '21.0.7'
      Driver info: driver.version: RemoteWebDriver
      	at io.appium.java_client.pagefactory.bys.builder.ByChained.findElement(ByChained.java:74)
      	at org.openqa.selenium.remote.ElementLocation$ElementFinder$1.findElement(ElementLocation.java:139)
      	at org.openqa.selenium.remote.ElementLocation.findElement(ElementLocation.java:59)
      	at org.openqa.selenium.remote.RemoteWebDriver.findElement(RemoteWebDriver.java:367)
      	at org.openqa.selenium.remote.RemoteWebDriver.findElement(RemoteWebDriver.java:361)
      	at io.appium.java_client.pagefactory.bys.ContentMappedBy.findElement(ContentMappedBy.java:54)
      	at org.openqa.selenium.remote.ElementLocation$ElementFinder$1.findElement(ElementLocation.java:139)
      	at org.openqa.selenium.remote.ElementLocation.findElement(ElementLocation.java:59)
      	at org.openqa.selenium.remote.RemoteWebDriver.findElement(RemoteWebDriver.java:367)
      	at org.openqa.selenium.remote.RemoteWebDriver.findElement(RemoteWebDriver.java:361)
      	at io.appium.java_client.pagefactory.AppiumElementLocator.lambda$findElement$1(AppiumElementLocator.java:160)
      	at io.appium.java_client.pagefactory.AppiumElementLocator$WaitingFunction.apply(AppiumElementLocator.java:217)
      	at io.appium.java_client.pagefactory.AppiumElementLocator$WaitingFunction.apply(AppiumElementLocator.java:210)
      	at org.openqa.selenium.support.ui.FluentWait.until(FluentWait.java:203)
      	... 8 more

]]></system-out>
  </testcase>
  <testcase name="runScenario[&quot;Try to login without data&quot;, &quot;Login and Logout Feature&quot;](4)" classname="testRunner.TestRunner" time="20.28">
    <system-out><![CDATA[
@P2
Scenario: Try to login without data                              # file:///C:/Users/prade/Music/Appium%20Frameworks/ExcelCowork/src/test/resources/features/Login_Logout.feature:12
  Given Launch the app                                           # stepDefinitions.TC_1_LoginWithValidCredentails.Launch_the_app()
  And User tap on the login button                               # stepDefinitions.TC_1_LoginWithValidCredentails.User_tap_on_the_login_button()
Validate message meeial
  Then Validate error message displayed below email text field   # stepDefinitions.Tc_2.validate_error_message_displayed_below_email_text_field()
Validate message meeial
  And Validate error message displayed below password text field # stepDefinitions.Tc_2.validate_error_message_displayed_below_password_text_field()
]]></system-out>
  </testcase>
</testsuite>